2025-04-02 11:58:36,295 INFO  [org.jboss.modules] (main) JBoss Modules version 1.7.0.Final
2025-04-02 11:58:39,836 INFO  [org.jboss.msc] (main) JBoss MSC version 1.3.2.Final
2025-04-02 11:58:39,879 INFO  [org.jboss.threads] (main) JBoss Threads version 2.3.1.Final
2025-04-02 11:58:40,474 INFO  [org.jboss.as] (MSC service thread 1-1) WFLYSRV0049: WildFly Full 12.0.0.Final (WildFly Core 4.0.0.Final) starting
2025-04-02 11:58:40,487 DEBUG [org.jboss.as.config] (MSC service thread 1-1) Configured system properties:
	[Server:server-one] = 
	[pcid:1453264923] = 
	appdynamics.agent.accountAccessKey = bm9xa03c6d2p
	appdynamics.agent.accountName = controllerces
	appdynamics.agent.applicationName = PROD-DEVPLUS
	appdynamics.agent.nodeName = Node2
	appdynamics.agent.reuse.nodeName = false
	appdynamics.agent.reuse.nodeName.prefix = Node2
	appdynamics.agent.tierName = DEVPLUS
	appdynamics.controller.hostName = controllerces.saas.appdynamics.com
	appdynamics.controller.port = 443
	appdynamics.controller.ssl.enabled = false
	appdynamics.docker.enabled = true
	appdynamics.jvm.shutdown.mark.node.as.historical = true
	appdynamics.log4j2.disable.jmx = true
	appdynamics.sim.enabled = true
	awt.toolkit = sun.lwawt.macosx.LWCToolkit
	file.encoding = UTF-8
	file.encoding.pkg = sun.io
	file.separator = /
	gopherProxySet = false
	java.awt.graphicsenv = sun.awt.CGraphicsEnvironment
	java.awt.headless = true
	java.awt.printerjob = sun.lwawt.macosx.CPrinterJob
	java.class.path = /Users/nupawar/eclipse-workspace/httpsessionlogin/wildfly-12.0.0.Final/jboss-modules.jar:/Users/nupawar/eclipse-workspace/httpsessionlogin/wildfly-12.0.0.Final/AppServerAgent-1.8-22.10.0.34344/javaagent.jar
	java.class.version = 52.0
	java.endorsed.dirs = /Library/Java/JavaVirtualMachines/jdk1.8.0_331.jdk/Contents/Home/jre/lib/endorsed
	java.ext.dirs = /Users/nupawar/Library/Java/Extensions:/Library/Java/JavaVirtualMachines/jdk1.8.0_331.jdk/Contents/Home/jre/lib/ext:/Library/Java/Extensions:/Network/Library/Java/Extensions:/System/Library/Java/Extensions:/usr/lib/java
	java.home = /Library/Java/JavaVirtualMachines/jdk1.8.0_331.jdk/Contents/Home/jre
	java.io.tmpdir = /var/folders/ls/v_z9ryc955z1kqx6d5d9hw600000gn/T/
	java.library.path = /Users/nupawar/Library/Java/Extensions:/Library/Java/Extensions:/Network/Library/Java/Extensions:/System/Library/Java/Extensions:/usr/lib/java:.
	java.net.preferIPv4Stack = true
	java.runtime.name = Java(TM) SE Runtime Environment
	java.runtime.version = 1.8.0_331-b09
	java.specification.name = Java Platform API Specification
	java.specification.vendor = Oracle Corporation
	java.specification.version = 1.8
	java.util.logging.manager = org.jboss.logmanager.LogManager
	java.vendor = Oracle Corporation
	java.vendor.url = http://java.oracle.com/
	java.vendor.url.bug = http://bugreport.sun.com/bugreport/
	java.version = 1.8.0_331
	java.vm.info = mixed mode
	java.vm.name = Java HotSpot(TM) 64-Bit Server VM
	java.vm.specification.name = Java Virtual Machine Specification
	java.vm.specification.vendor = Oracle Corporation
	java.vm.specification.version = 1.8
	java.vm.vendor = Oracle Corporation
	java.vm.version = 25.331-b09
	javax.management.builder.initial = org.jboss.as.jmx.PluggableMBeanServerBuilder
	javax.xml.datatype.DatatypeFactory = __redirected.__DatatypeFactory
	javax.xml.parsers.DocumentBuilderFactory = __redirected.__DocumentBuilderFactory
	javax.xml.parsers.SAXParserFactory = __redirected.__SAXParserFactory
	javax.xml.stream.XMLEventFactory = __redirected.__XMLEventFactory
	javax.xml.stream.XMLInputFactory = __redirected.__XMLInputFactory
	javax.xml.stream.XMLOutputFactory = __redirected.__XMLOutputFactory
	javax.xml.transform.TransformerFactory = __redirected.__TransformerFactory
	javax.xml.validation.SchemaFactory:http://www.w3.org/2001/XMLSchema = __redirected.__SchemaFactory
	javax.xml.xpath.XPathFactory:http://java.sun.com/jaxp/xpath/dom = __redirected.__XPathFactory
	jboss.domain.base.dir = /Users/nupawar/eclipse-workspace/httpsessionlogin/wildfly-12.0.0.Final/domain
	jboss.domain.config.dir = /Users/nupawar/eclipse-workspace/httpsessionlogin/wildfly-12.0.0.Final/domain/configuration
	jboss.home.dir = /Users/nupawar/eclipse-workspace/httpsessionlogin/wildfly-12.0.0.Final
	jboss.host.name = nupawar-m-12uh
	jboss.modules.dir = /Users/nupawar/eclipse-workspace/httpsessionlogin/wildfly-12.0.0.Final/modules
	jboss.modules.system.pkgs = com.singularity
	jboss.node.name = master:server-one
	jboss.qualified.host.name = nupawar-m-12uh
	jboss.server.base.dir = /Users/nupawar/eclipse-workspace/httpsessionlogin/wildfly-12.0.0.Final/domain/servers/server-one
	jboss.server.config.dir = /Users/nupawar/eclipse-workspace/httpsessionlogin/wildfly-12.0.0.Final/domain/servers/server-one/configuration
	jboss.server.data.dir = /Users/nupawar/eclipse-workspace/httpsessionlogin/wildfly-12.0.0.Final/domain/servers/server-one/data
	jboss.server.deploy.dir = /Users/nupawar/eclipse-workspace/httpsessionlogin/wildfly-12.0.0.Final/domain/servers/server-one/data/content
	jboss.server.log.dir = /Users/nupawar/eclipse-workspace/httpsessionlogin/wildfly-12.0.0.Final/domain/servers/server-one/log
	jboss.server.name = server-one
	jboss.server.persist.config = true
	jboss.server.temp.dir = /Users/nupawar/eclipse-workspace/httpsessionlogin/wildfly-12.0.0.Final/domain/servers/server-one/tmp
	line.separator = 

	logging.configuration = file:/Users/nupawar/eclipse-workspace/httpsessionlogin/wildfly-12.0.0.Final/domain/servers/server-one/data/logging.properties
	module.path = /Users/nupawar/eclipse-workspace/httpsessionlogin/wildfly-12.0.0.Final/modules
	org.jboss.resolver.warning = true
	org.xml.sax.driver = __redirected.__XMLReaderFactory
	os.arch = x86_64
	os.name = Mac OS X
	os.version = 15.3.1
	path.separator = :
	sun.arch.data.model = 64
	sun.boot.class.path = /Library/Java/JavaVirtualMachines/jdk1.8.0_331.jdk/Contents/Home/jre/lib/resources.jar:/Library/Java/JavaVirtualMachines/jdk1.8.0_331.jdk/Contents/Home/jre/lib/rt.jar:/Library/Java/JavaVirtualMachines/jdk1.8.0_331.jdk/Contents/Home/jre/lib/sunrsasign.jar:/Library/Java/JavaVirtualMachines/jdk1.8.0_331.jdk/Contents/Home/jre/lib/jsse.jar:/Library/Java/JavaVirtualMachines/jdk1.8.0_331.jdk/Contents/Home/jre/lib/jce.jar:/Library/Java/JavaVirtualMachines/jdk1.8.0_331.jdk/Contents/Home/jre/lib/charsets.jar:/Library/Java/JavaVirtualMachines/jdk1.8.0_331.jdk/Contents/Home/jre/lib/jfr.jar:/Library/Java/JavaVirtualMachines/jdk1.8.0_331.jdk/Contents/Home/jre/classes:/Users/nupawar/eclipse-workspace/httpsessionlogin/wildfly-12.0.0.Final/AppServerAgent-1.8-22.10.0.34344/javaagent.jar
	sun.boot.library.path = /Library/Java/JavaVirtualMachines/jdk1.8.0_331.jdk/Contents/Home/jre/lib
	sun.cpu.endian = little
	sun.cpu.isalist = 
	sun.io.unicode.encoding = UnicodeBig
	sun.java.command = /Users/nupawar/eclipse-workspace/httpsessionlogin/wildfly-12.0.0.Final/jboss-modules.jar -mp /Users/nupawar/eclipse-workspace/httpsessionlogin/wildfly-12.0.0.Final/modules org.jboss.as.server
	sun.java.launcher = SUN_STANDARD
	sun.jnu.encoding = UTF-8
	sun.management.compiler = HotSpot 64-Bit Tiered Compilers
	sun.os.patch.level = unknown
	user.country = US
	user.dir = /Users/nupawar/eclipse-workspace/httpsessionlogin/wildfly-12.0.0.Final
	user.home = /Users/nupawar
	user.language = en
	user.name = nupawar
	user.timezone = America/New_York
2025-04-02 11:58:40,491 DEBUG [org.jboss.as.config] (MSC service thread 1-1) VM Arguments: -D[Server:server-one] -D[pcid:1453264923] -Xms128m -Xmx512m -XX:MetaspaceSize=96m -XX:MaxMetaspaceSize=256m -javaagent:/Users/nupawar/eclipse-workspace/httpsessionlogin/wildfly-12.0.0.Final/AppServerAgent-1.8-22.10.0.34344/javaagent.jar -Dappdynamics.agent.accountAccessKey=bm9xa03c6d2p -Dappdynamics.agent.accountName=controllerces -Dappdynamics.controller.hostName=controllerces.saas.appdynamics.com -Dappdynamics.controller.port=443 -Dappdynamics.controller.ssl.enabled=false -Dappdynamics.agent.applicationName=PROD-DEVPLUS -Dappdynamics.agent.tierName=DEVPLUS -Djava.util.logging.manager=org.jboss.logmanager.LogManager -Djboss.modules.system.pkgs=org.jboss.byteman,com.singularity,org.jboss.logmanager.* -Dappdynamics.agent.applicationName=PROD-DEVPLUS -Dappdynamics.agent.nodeName=Node2 -Dappdynamics.agent.reuse.nodeName=false -Dappdynamics.agent.reuse.nodeName.prefix=Node2 -Dappdynamics.agent.tierName=DEVPLUS -Dappdynamics.docker.enabled=true -Dappdynamics.jvm.shutdown.mark.node.as.historical=true -Dappdynamics.sim.enabled=true -Djava.awt.headless=true -Djava.net.preferIPv4Stack=true -Djava.util.logging.manager=org.jboss.logmanager.LogManager -Djboss.home.dir=/Users/nupawar/eclipse-workspace/httpsessionlogin/wildfly-12.0.0.Final -Djboss.modules.system.pkgs=com.singularity -Djboss.server.log.dir=/Users/nupawar/eclipse-workspace/httpsessionlogin/wildfly-12.0.0.Final/domain/servers/server-one/log -Djboss.server.temp.dir=/Users/nupawar/eclipse-workspace/httpsessionlogin/wildfly-12.0.0.Final/domain/servers/server-one/tmp -Djboss.server.data.dir=/Users/nupawar/eclipse-workspace/httpsessionlogin/wildfly-12.0.0.Final/domain/servers/server-one/data -Dlogging.configuration=file:/Users/nupawar/eclipse-workspace/httpsessionlogin/wildfly-12.0.0.Final/domain/servers/server-one/data/logging.properties 
2025-04-02 11:58:41,293 INFO  [org.xnio] (MSC service thread 1-3) XNIO version 3.6.2.Final
2025-04-02 11:58:41,381 INFO  [org.xnio.nio] (MSC service thread 1-3) XNIO NIO Implementation Version 3.6.2.Final
2025-04-02 11:58:42,004 INFO  [org.jboss.remoting] (MSC service thread 1-4) JBoss Remoting version 5.0.5.Final
2025-04-02 11:58:53,051 INFO  [org.wildfly.security] (ServerService Thread Pool -- 3) ELY00001: WildFly Elytron version 1.2.2.Final
2025-04-02 11:59:03,793 INFO  [stdout] (AD Agent init) Started AppDynamics Java Agent Successfully.
2025-04-02 11:59:23,622 INFO  [org.jboss.as.controller.management-deprecated] (ServerService Thread Pool -- 6) WFLYCTL0028: Attribute 'security-realm' in the resource at address '/subsystem=undertow/server=default-server/https-listener=https' is deprecated, and may be removed in a future version. See the attribute description in the output of the read-resource-description operation to learn more about the deprecation.
2025-04-02 11:59:24,610 WARN  [org.jboss.as.txn] (ServerService Thread Pool -- 40) WFLYTX0013: The node-identifier attribute on the /subsystem=transactions is set to the default value. This is a danger for environments running multiple servers. Please make sure the attribute value is unique.
2025-04-02 11:59:25,399 INFO  [org.jboss.as.webservices] (ServerService Thread Pool -- 38) WFLYWS0002: Activating WebServices Extension
2025-04-02 11:59:25,404 INFO  [org.jboss.as.naming] (ServerService Thread Pool -- 48) WFLYNAM0001: Activating Naming Subsystem
2025-04-02 11:59:25,408 INFO  [org.jboss.as.security] (ServerService Thread Pool -- 42) WFLYSEC0002: Activating Security Subsystem
2025-04-02 11:59:25,423 INFO  [org.jboss.as.jaxrs] (ServerService Thread Pool -- 57) WFLYRS0016: RESTEasy version 3.5.0.Final
2025-04-02 11:59:25,494 INFO  [org.wildfly.iiop.openjdk] (ServerService Thread Pool -- 58) WFLYIIOP0001: Activating IIOP Subsystem
2025-04-02 11:59:25,547 INFO  [org.jboss.as.clustering.infinispan] (ServerService Thread Pool -- 59) WFLYCLINF0001: Activating Infinispan subsystem.
2025-04-02 11:59:26,030 INFO  [org.jboss.as.jsf] (ServerService Thread Pool -- 52) WFLYJSF0007: Activated the following JSF Implementations: [main]
2025-04-02 11:59:26,001 INFO  [org.jboss.as.security] (MSC service thread 1-7) WFLYSEC0001: Current PicketBox version=5.0.2.Final
2025-04-02 11:59:27,005 INFO  [org.jboss.as.connector] (MSC service thread 1-2) WFLYJCA0009: Starting JCA Subsystem (WildFly/IronJacamar 1.4.7.Final)
2025-04-02 11:59:27,401 INFO  [org.wildfly.extension.io] (ServerService Thread Pool -- 60) WFLYIO001: Worker 'default' has auto-configured to 16 core threads with 128 task threads based on your 8 available processors
2025-04-02 11:59:27,685 INFO  [org.jboss.as.mail.extension] (MSC service thread 1-1) WFLYMAIL0001: Bound mail session [java:jboss/mail/Default]
2025-04-02 11:59:27,648 INFO  [org.jboss.as.naming] (MSC service thread 1-8) WFLYNAM0003: Starting Naming Service
2025-04-02 11:59:29,024 INFO  [org.wildfly.extension.undertow] (MSC service thread 1-3) WFLYUT0003: Undertow 2.0.0.Final starting
2025-04-02 11:59:30,937 INFO  [org.jboss.as.connector.subsystems.datasources] (ServerService Thread Pool -- 64) WFLYJCA0004: Deploying JDBC-compliant driver class org.h2.Driver (version 1.4)
2025-04-02 11:59:32,059 INFO  [org.jboss.as.connector.deployers.jdbc] (MSC service thread 1-2) WFLYJCA0018: Started Driver service with driver-name = h2
2025-04-02 11:59:32,542 INFO  [org.wildfly.extension.undertow] (ServerService Thread Pool -- 39) WFLYUT0014: Creating file handler for path '/Users/nupawar/eclipse-workspace/httpsessionlogin/wildfly-12.0.0.Final/welcome-content' with options [directory-listing: 'false', follow-symlink: 'false', case-sensitive: 'true', safe-symlink-paths: '[]']
2025-04-02 11:59:37,289 INFO  [org.jboss.as.ejb3] (MSC service thread 1-3) WFLYEJB0481: Strict pool slsb-strict-max-pool is using a max instance size of 128 (per class), which is derived from thread worker pool sizing.
2025-04-02 11:59:37,289 INFO  [org.jboss.as.ejb3] (MSC service thread 1-4) WFLYEJB0482: Strict pool mdb-strict-max-pool is using a max instance size of 32 (per class), which is derived from the number of CPUs on this host.
2025-04-02 11:59:38,978 INFO  [org.wildfly.iiop.openjdk] (MSC service thread 1-8) WFLYIIOP0009: CORBA ORB Service started
2025-04-02 11:59:41,930 INFO  [org.wildfly.extension.undertow] (MSC service thread 1-5) WFLYUT0012: Started server default-server.
2025-04-02 11:59:42,610 INFO  [org.wildfly.extension.undertow] (MSC service thread 1-5) WFLYUT0018: Host default-host starting
2025-04-02 11:59:45,150 INFO  [org.wildfly.extension.undertow] (MSC service thread 1-2) WFLYUT0006: Undertow HTTP listener default listening on 127.0.0.1:8080
2025-04-02 11:59:46,481 INFO  [org.jboss.as.patching] (MSC service thread 1-2) WFLYPAT0050: WildFly Full cumulative patch ID is: base, one-off patches include: none
2025-04-02 11:59:47,120 INFO  [org.wildfly.extension.messaging-activemq] (MSC service thread 1-3) WFLYMSGAMQ0001: AIO wasn't located on this platform, it will fall back to using pure Java NIO.
2025-04-02 11:59:48,082 INFO  [org.jboss.as.ejb3] (MSC service thread 1-4) WFLYEJB0493: EJB subsystem suspension complete
2025-04-02 11:59:48,305 WARN  [org.jboss.as.domain.management.security] (MSC service thread 1-6) WFLYDM0111: Keystore /Users/nupawar/eclipse-workspace/httpsessionlogin/wildfly-12.0.0.Final/domain/configuration/application.keystore not found, it will be auto generated on first use with a self signed certificate for host localhost
2025-04-02 11:59:48,850 INFO  [org.wildfly.extension.undertow] (MSC service thread 1-7) WFLYUT0006: Undertow HTTPS listener https listening on 127.0.0.1:8443
2025-04-02 11:59:49,145 INFO  [org.apache.activemq.artemis.core.server] (ServerService Thread Pool -- 68) AMQ221000: live Message Broker is starting with configuration Broker Configuration (clustered=false,journalDirectory=/Users/nupawar/eclipse-workspace/httpsessionlogin/wildfly-12.0.0.Final/domain/servers/server-one/data/activemq/journal,bindingsDirectory=/Users/nupawar/eclipse-workspace/httpsessionlogin/wildfly-12.0.0.Final/domain/servers/server-one/data/activemq/bindings,largeMessagesDirectory=/Users/nupawar/eclipse-workspace/httpsessionlogin/wildfly-12.0.0.Final/domain/servers/server-one/data/activemq/largemessages,pagingDirectory=/Users/nupawar/eclipse-workspace/httpsessionlogin/wildfly-12.0.0.Final/domain/servers/server-one/data/activemq/paging)
2025-04-02 11:59:49,969 INFO  [org.apache.activemq.artemis.core.server] (ServerService Thread Pool -- 68) AMQ221013: Using NIO Journal
2025-04-02 11:59:50,027 INFO  [org.jboss.as.connector.subsystems.datasources] (MSC service thread 1-1) WFLYJCA0001: Bound data source [java:jboss/datasources/ExampleDS]
2025-04-02 11:59:50,443 INFO  [org.jboss.ws.common.management] (MSC service thread 1-3) JBWS022052: Starting JBossWS 5.2.0.Final (Apache CXF 3.2.2) 
2025-04-02 11:59:50,503 INFO  [org.apache.activemq.artemis.core.server] (ServerService Thread Pool -- 68) AMQ221043: Protocol module found: [artemis-server]. Adding protocol support for: CORE
2025-04-02 11:59:50,529 INFO  [org.apache.activemq.artemis.core.server] (ServerService Thread Pool -- 68) AMQ221043: Protocol module found: [artemis-amqp-protocol]. Adding protocol support for: AMQP
2025-04-02 11:59:50,531 INFO  [org.apache.activemq.artemis.core.server] (ServerService Thread Pool -- 68) AMQ221043: Protocol module found: [artemis-hornetq-protocol]. Adding protocol support for: HORNETQ
2025-04-02 11:59:50,535 INFO  [org.apache.activemq.artemis.core.server] (ServerService Thread Pool -- 68) AMQ221043: Protocol module found: [artemis-stomp-protocol]. Adding protocol support for: STOMP
2025-04-02 11:59:51,492 INFO  [org.wildfly.extension.messaging-activemq] (MSC service thread 1-7) WFLYMSGAMQ0016: Registered HTTP upgrade for activemq-remoting protocol handled by http-acceptor-throughput acceptor
2025-04-02 11:59:51,492 INFO  [org.wildfly.extension.messaging-activemq] (MSC service thread 1-5) WFLYMSGAMQ0016: Registered HTTP upgrade for activemq-remoting protocol handled by http-acceptor-throughput acceptor
2025-04-02 11:59:51,492 INFO  [org.wildfly.extension.messaging-activemq] (MSC service thread 1-4) WFLYMSGAMQ0016: Registered HTTP upgrade for activemq-remoting protocol handled by http-acceptor acceptor
2025-04-02 11:59:51,492 INFO  [org.wildfly.extension.messaging-activemq] (MSC service thread 1-3) WFLYMSGAMQ0016: Registered HTTP upgrade for activemq-remoting protocol handled by http-acceptor acceptor
2025-04-02 11:59:52,119 INFO  [org.apache.activemq.artemis.core.server] (ServerService Thread Pool -- 68) AMQ221007: Server is now live
2025-04-02 11:59:52,124 INFO  [org.apache.activemq.artemis.core.server] (ServerService Thread Pool -- 68) AMQ221001: Apache ActiveMQ Artemis Message Broker version 1.5.5.jbossorg-009 [default, nodeID=2f4b9bbc-fe8e-11ef-b10b-625eff1d50ce] 
2025-04-02 11:59:52,360 INFO  [org.wildfly.extension.messaging-activemq] (ServerService Thread Pool -- 68) WFLYMSGAMQ0002: Bound messaging object to jndi name java:jboss/exported/jms/RemoteConnectionFactory
2025-04-02 11:59:52,403 INFO  [org.apache.activemq.artemis.core.server] (ServerService Thread Pool -- 71) AMQ221003: Deploying queue jms.queue.DLQ
2025-04-02 11:59:52,504 INFO  [org.apache.activemq.artemis.core.server] (ServerService Thread Pool -- 70) AMQ221003: Deploying queue jms.queue.ExpiryQueue
2025-04-02 11:59:52,518 INFO  [org.wildfly.extension.messaging-activemq] (ServerService Thread Pool -- 69) WFLYMSGAMQ0002: Bound messaging object to jndi name java:/ConnectionFactory
2025-04-02 11:59:52,612 INFO  [org.jboss.as.connector.deployment] (MSC service thread 1-3) WFLYJCA0007: Registered connection factory java:/JmsXA
2025-04-02 11:59:52,877 INFO  [org.apache.activemq.artemis.ra] (MSC service thread 1-3) Resource adaptor started
2025-04-02 11:59:52,880 INFO  [org.jboss.as.connector.services.resourceadapters.ResourceAdapterActivatorService$ResourceAdapterActivator] (MSC service thread 1-3) IJ020002: Deployed: file://RaActivatoractivemq-ra
2025-04-02 11:59:52,891 INFO  [org.wildfly.extension.messaging-activemq] (MSC service thread 1-5) WFLYMSGAMQ0002: Bound messaging object to jndi name java:jboss/DefaultJMSConnectionFactory
2025-04-02 11:59:52,890 INFO  [org.jboss.as.connector.deployment] (MSC service thread 1-8) WFLYJCA0002: Bound JCA ConnectionFactory [java:/JmsXA]
2025-04-02 11:59:53,419 INFO  [org.jboss.as.server] (Controller Boot Thread) WFLYSRV0212: Resuming server
2025-04-02 11:59:53,463 INFO  [org.jboss.as] (Controller Boot Thread) WFLYSRV0025: WildFly Full 12.0.0.Final (WildFly Core 4.0.0.Final) started in 82657ms - Started 314 of 539 services (321 services are lazy, passive or on-demand)
2025-04-02 12:00:01,835 INFO  [org.jboss.as.server] (Thread-4) WFLYSRV0236: Suspending server with no timeout.
2025-04-02 12:00:01,934 INFO  [org.jboss.as.ejb3] (Thread-4) WFLYEJB0493: EJB subsystem suspension complete
2025-04-02 12:00:01,945 INFO  [org.jboss.as.server] (Thread-4) WFLYSRV0220: Server shutdown has been requested via an OS signal
2025-04-02 12:00:02,557 INFO  [org.wildfly.extension.undertow] (MSC service thread 1-7) WFLYUT0019: Host default-host stopping
2025-04-02 12:00:02,647 INFO  [org.jboss.as.connector.subsystems.datasources] (MSC service thread 1-6) WFLYJCA0010: Unbound data source [java:jboss/datasources/ExampleDS]
2025-04-02 12:00:02,646 INFO  [org.wildfly.extension.messaging-activemq] (ServerService Thread Pool -- 69) WFLYMSGAMQ0006: Unbound messaging object to jndi name java:/ConnectionFactory
2025-04-02 12:00:02,650 INFO  [org.wildfly.extension.messaging-activemq] (MSC service thread 1-8) WFLYMSGAMQ0006: Unbound messaging object to jndi name java:jboss/DefaultJMSConnectionFactory
2025-04-02 12:00:02,667 INFO  [org.wildfly.extension.undertow] (MSC service thread 1-5) WFLYUT0008: Undertow HTTPS listener https suspending
2025-04-02 12:00:02,683 INFO  [org.jboss.as.connector.deployment] (MSC service thread 1-2) WFLYJCA0011: Unbound JCA ConnectionFactory [java:/JmsXA]
2025-04-02 12:00:02,762 INFO  [org.wildfly.extension.undertow] (MSC service thread 1-5) WFLYUT0007: Undertow HTTPS listener https stopped, was bound to 127.0.0.1:8443
2025-04-02 12:00:02,796 INFO  [org.jboss.as.connector.deployers.jdbc] (MSC service thread 1-6) WFLYJCA0019: Stopped Driver service with driver-name = h2
2025-04-02 12:00:02,913 INFO  [org.apache.activemq.artemis.ra] (ServerService Thread Pool -- 13) AMQ151003: resource adaptor stopped
2025-04-02 12:00:03,216 INFO  [org.apache.activemq.artemis.core.server] (ServerService Thread Pool -- 13) AMQ221002: Apache ActiveMQ Artemis Message Broker version 1.5.5.jbossorg-009 [2f4b9bbc-fe8e-11ef-b10b-625eff1d50ce] stopped, uptime 14.216 seconds
2025-04-02 12:00:03,238 INFO  [org.wildfly.extension.undertow] (MSC service thread 1-7) WFLYUT0008: Undertow HTTP listener default suspending
2025-04-02 12:00:03,250 INFO  [org.wildfly.extension.undertow] (MSC service thread 1-7) WFLYUT0007: Undertow HTTP listener default stopped, was bound to 127.0.0.1:8080
2025-04-02 12:00:03,271 INFO  [org.wildfly.extension.undertow] (MSC service thread 1-5) WFLYUT0004: Undertow 2.0.0.Final stopping
2025-04-02 12:00:03,390 INFO  [org.jboss.as] (MSC service thread 1-4) WFLYSRV0050: WildFly Full 12.0.0.Final (WildFly Core 4.0.0.Final) stopped in 1332ms
2025-04-02 12:01:02,111 INFO  [stdout] (Thread-1) Shutting down AppDynamics Agent
2025-04-02 12:01:52,052 INFO  [org.jboss.modules] (main) JBoss Modules version 1.7.0.Final
2025-04-02 12:01:52,758 INFO  [org.jboss.msc] (main) JBoss MSC version 1.3.2.Final
2025-04-02 12:01:52,771 INFO  [org.jboss.threads] (main) JBoss Threads version 2.3.1.Final
2025-04-02 12:01:52,960 INFO  [org.jboss.as] (MSC service thread 1-1) WFLYSRV0049: WildFly Full 12.0.0.Final (WildFly Core 4.0.0.Final) starting
2025-04-02 12:01:52,961 DEBUG [org.jboss.as.config] (MSC service thread 1-1) Configured system properties:
	[Server:server-one] = 
	[pcid:1323639562] = 
	appagent.start.timeout = 1
	appdynamics.agent.accountAccessKey = bm9xa03c6d2p
	appdynamics.agent.accountName = controllerces
	appdynamics.agent.applicationName = PROD-DEVPLUS
	appdynamics.agent.nodeName = Node2
	appdynamics.agent.reuse.nodeName = false
	appdynamics.agent.reuse.nodeName.prefix = Node2
	appdynamics.agent.tierName = DEVPLUS
	appdynamics.controller.hostName = controllerces.saas.appdynamics.com
	appdynamics.controller.port = 443
	appdynamics.controller.ssl.enabled = false
	appdynamics.docker.enabled = true
	appdynamics.jvm.shutdown.mark.node.as.historical = true
	appdynamics.log4j2.disable.jmx = true
	appdynamics.sim.enabled = true
	awt.toolkit = sun.lwawt.macosx.LWCToolkit
	file.encoding = UTF-8
	file.encoding.pkg = sun.io
	file.separator = /
	gopherProxySet = false
	java.awt.graphicsenv = sun.awt.CGraphicsEnvironment
	java.awt.headless = true
	java.awt.printerjob = sun.lwawt.macosx.CPrinterJob
	java.class.path = /Users/nupawar/eclipse-workspace/httpsessionlogin/wildfly-12.0.0.Final/jboss-modules.jar:/Users/nupawar/eclipse-workspace/httpsessionlogin/wildfly-12.0.0.Final/AppServerAgent-1.8-22.10.0.34344/javaagent.jar
	java.class.version = 52.0
	java.endorsed.dirs = /Library/Java/JavaVirtualMachines/jdk1.8.0_331.jdk/Contents/Home/jre/lib/endorsed
	java.ext.dirs = /Users/nupawar/Library/Java/Extensions:/Library/Java/JavaVirtualMachines/jdk1.8.0_331.jdk/Contents/Home/jre/lib/ext:/Library/Java/Extensions:/Network/Library/Java/Extensions:/System/Library/Java/Extensions:/usr/lib/java
	java.home = /Library/Java/JavaVirtualMachines/jdk1.8.0_331.jdk/Contents/Home/jre
	java.io.tmpdir = /var/folders/ls/v_z9ryc955z1kqx6d5d9hw600000gn/T/
	java.library.path = /Users/nupawar/Library/Java/Extensions:/Library/Java/Extensions:/Network/Library/Java/Extensions:/System/Library/Java/Extensions:/usr/lib/java:.
	java.net.preferIPv4Stack = true
	java.runtime.name = Java(TM) SE Runtime Environment
	java.runtime.version = 1.8.0_331-b09
	java.specification.name = Java Platform API Specification
	java.specification.vendor = Oracle Corporation
	java.specification.version = 1.8
	java.util.logging.manager = org.jboss.logmanager.LogManager
	java.vendor = Oracle Corporation
	java.vendor.url = http://java.oracle.com/
	java.vendor.url.bug = http://bugreport.sun.com/bugreport/
	java.version = 1.8.0_331
	java.vm.info = mixed mode
	java.vm.name = Java HotSpot(TM) 64-Bit Server VM
	java.vm.specification.name = Java Virtual Machine Specification
	java.vm.specification.vendor = Oracle Corporation
	java.vm.specification.version = 1.8
	java.vm.vendor = Oracle Corporation
	java.vm.version = 25.331-b09
	javax.management.builder.initial = org.jboss.as.jmx.PluggableMBeanServerBuilder
	javax.xml.datatype.DatatypeFactory = __redirected.__DatatypeFactory
	javax.xml.parsers.DocumentBuilderFactory = __redirected.__DocumentBuilderFactory
	javax.xml.parsers.SAXParserFactory = __redirected.__SAXParserFactory
	javax.xml.stream.XMLEventFactory = __redirected.__XMLEventFactory
	javax.xml.stream.XMLInputFactory = __redirected.__XMLInputFactory
	javax.xml.stream.XMLOutputFactory = __redirected.__XMLOutputFactory
	javax.xml.transform.TransformerFactory = __redirected.__TransformerFactory
	javax.xml.validation.SchemaFactory:http://www.w3.org/2001/XMLSchema = __redirected.__SchemaFactory
	javax.xml.xpath.XPathFactory:http://java.sun.com/jaxp/xpath/dom = __redirected.__XPathFactory
	jboss.domain.base.dir = /Users/nupawar/eclipse-workspace/httpsessionlogin/wildfly-12.0.0.Final/domain
	jboss.domain.config.dir = /Users/nupawar/eclipse-workspace/httpsessionlogin/wildfly-12.0.0.Final/domain/configuration
	jboss.home.dir = /Users/nupawar/eclipse-workspace/httpsessionlogin/wildfly-12.0.0.Final
	jboss.host.name = nupawar-m-12uh
	jboss.modules.dir = /Users/nupawar/eclipse-workspace/httpsessionlogin/wildfly-12.0.0.Final/modules
	jboss.modules.system.pkgs = com.singularity
	jboss.node.name = master:server-one
	jboss.qualified.host.name = nupawar-m-12uh
	jboss.server.base.dir = /Users/nupawar/eclipse-workspace/httpsessionlogin/wildfly-12.0.0.Final/domain/servers/server-one
	jboss.server.config.dir = /Users/nupawar/eclipse-workspace/httpsessionlogin/wildfly-12.0.0.Final/domain/servers/server-one/configuration
	jboss.server.data.dir = /Users/nupawar/eclipse-workspace/httpsessionlogin/wildfly-12.0.0.Final/domain/servers/server-one/data
	jboss.server.deploy.dir = /Users/nupawar/eclipse-workspace/httpsessionlogin/wildfly-12.0.0.Final/domain/servers/server-one/data/content
	jboss.server.log.dir = /Users/nupawar/eclipse-workspace/httpsessionlogin/wildfly-12.0.0.Final/domain/servers/server-one/log
	jboss.server.name = server-one
	jboss.server.persist.config = true
	jboss.server.temp.dir = /Users/nupawar/eclipse-workspace/httpsessionlogin/wildfly-12.0.0.Final/domain/servers/server-one/tmp
	line.separator = 

	logging.configuration = file:/Users/nupawar/eclipse-workspace/httpsessionlogin/wildfly-12.0.0.Final/domain/servers/server-one/data/logging.properties
	module.path = /Users/nupawar/eclipse-workspace/httpsessionlogin/wildfly-12.0.0.Final/modules
	org.jboss.resolver.warning = true
	org.xml.sax.driver = __redirected.__XMLReaderFactory
	os.arch = x86_64
	os.name = Mac OS X
	os.version = 15.3.1
	path.separator = :
	sun.arch.data.model = 64
	sun.boot.class.path = /Library/Java/JavaVirtualMachines/jdk1.8.0_331.jdk/Contents/Home/jre/lib/resources.jar:/Library/Java/JavaVirtualMachines/jdk1.8.0_331.jdk/Contents/Home/jre/lib/rt.jar:/Library/Java/JavaVirtualMachines/jdk1.8.0_331.jdk/Contents/Home/jre/lib/sunrsasign.jar:/Library/Java/JavaVirtualMachines/jdk1.8.0_331.jdk/Contents/Home/jre/lib/jsse.jar:/Library/Java/JavaVirtualMachines/jdk1.8.0_331.jdk/Contents/Home/jre/lib/jce.jar:/Library/Java/JavaVirtualMachines/jdk1.8.0_331.jdk/Contents/Home/jre/lib/charsets.jar:/Library/Java/JavaVirtualMachines/jdk1.8.0_331.jdk/Contents/Home/jre/lib/jfr.jar:/Library/Java/JavaVirtualMachines/jdk1.8.0_331.jdk/Contents/Home/jre/classes:/Users/nupawar/eclipse-workspace/httpsessionlogin/wildfly-12.0.0.Final/AppServerAgent-1.8-22.10.0.34344/javaagent.jar
	sun.boot.library.path = /Library/Java/JavaVirtualMachines/jdk1.8.0_331.jdk/Contents/Home/jre/lib
	sun.cpu.endian = little
	sun.cpu.isalist = 
	sun.io.unicode.encoding = UnicodeBig
	sun.java.command = /Users/nupawar/eclipse-workspace/httpsessionlogin/wildfly-12.0.0.Final/jboss-modules.jar -mp /Users/nupawar/eclipse-workspace/httpsessionlogin/wildfly-12.0.0.Final/modules org.jboss.as.server
	sun.java.launcher = SUN_STANDARD
	sun.jnu.encoding = UTF-8
	sun.management.compiler = HotSpot 64-Bit Tiered Compilers
	sun.os.patch.level = unknown
	user.country = US
	user.dir = /Users/nupawar/eclipse-workspace/httpsessionlogin/wildfly-12.0.0.Final
	user.home = /Users/nupawar
	user.language = en
	user.name = nupawar
	user.timezone = America/New_York
2025-04-02 12:01:52,961 DEBUG [org.jboss.as.config] (MSC service thread 1-1) VM Arguments: -D[Server:server-one] -D[pcid:1323639562] -Xms128m -Xmx512m -XX:MetaspaceSize=96m -XX:MaxMetaspaceSize=256m -javaagent:/Users/nupawar/eclipse-workspace/httpsessionlogin/wildfly-12.0.0.Final/AppServerAgent-1.8-22.10.0.34344/javaagent.jar -Dappdynamics.agent.accountAccessKey=bm9xa03c6d2p -Dappdynamics.agent.accountName=controllerces -Dappdynamics.controller.hostName=controllerces.saas.appdynamics.com -Dappdynamics.controller.port=443 -Dappdynamics.controller.ssl.enabled=false -Dappdynamics.agent.applicationName=PROD-DEVPLUS -Dappdynamics.agent.tierName=DEVPLUS -Djava.util.logging.manager=org.jboss.logmanager.LogManager -Djboss.modules.system.pkgs=org.jboss.byteman,com.singularity,org.jboss.logmanager.* -Dappagent.start.timeout=1 -Dappdynamics.agent.applicationName=PROD-DEVPLUS -Dappdynamics.agent.nodeName=Node2 -Dappdynamics.agent.reuse.nodeName=false -Dappdynamics.agent.reuse.nodeName.prefix=Node2 -Dappdynamics.agent.tierName=DEVPLUS -Dappdynamics.docker.enabled=true -Dappdynamics.jvm.shutdown.mark.node.as.historical=true -Dappdynamics.sim.enabled=true -Djava.awt.headless=true -Djava.net.preferIPv4Stack=true -Djava.util.logging.manager=org.jboss.logmanager.LogManager -Djboss.home.dir=/Users/nupawar/eclipse-workspace/httpsessionlogin/wildfly-12.0.0.Final -Djboss.modules.system.pkgs=com.singularity -Djboss.server.log.dir=/Users/nupawar/eclipse-workspace/httpsessionlogin/wildfly-12.0.0.Final/domain/servers/server-one/log -Djboss.server.temp.dir=/Users/nupawar/eclipse-workspace/httpsessionlogin/wildfly-12.0.0.Final/domain/servers/server-one/tmp -Djboss.server.data.dir=/Users/nupawar/eclipse-workspace/httpsessionlogin/wildfly-12.0.0.Final/domain/servers/server-one/data -Dlogging.configuration=file:/Users/nupawar/eclipse-workspace/httpsessionlogin/wildfly-12.0.0.Final/domain/servers/server-one/data/logging.properties 
2025-04-02 12:01:53,550 INFO  [org.xnio] (MSC service thread 1-3) XNIO version 3.6.2.Final
2025-04-02 12:01:53,581 INFO  [org.xnio.nio] (MSC service thread 1-3) XNIO NIO Implementation Version 3.6.2.Final
2025-04-02 12:01:53,717 INFO  [org.jboss.remoting] (MSC service thread 1-4) JBoss Remoting version 5.0.5.Final
2025-04-02 12:01:54,562 INFO  [org.wildfly.security] (ServerService Thread Pool -- 2) ELY00001: WildFly Elytron version 1.2.2.Final
2025-04-02 12:02:05,065 INFO  [org.jboss.as.controller.management-deprecated] (ServerService Thread Pool -- 29) WFLYCTL0028: Attribute 'security-realm' in the resource at address '/subsystem=undertow/server=default-server/https-listener=https' is deprecated, and may be removed in a future version. See the attribute description in the output of the read-resource-description operation to learn more about the deprecation.
2025-04-02 12:02:05,826 WARN  [org.jboss.as.txn] (ServerService Thread Pool -- 39) WFLYTX0013: The node-identifier attribute on the /subsystem=transactions is set to the default value. This is a danger for environments running multiple servers. Please make sure the attribute value is unique.
2025-04-02 12:02:06,696 INFO  [org.jboss.as.clustering.infinispan] (ServerService Thread Pool -- 58) WFLYCLINF0001: Activating Infinispan subsystem.
2025-04-02 12:02:06,691 INFO  [org.jboss.as.naming] (ServerService Thread Pool -- 47) WFLYNAM0001: Activating Naming Subsystem
2025-04-02 12:02:06,819 INFO  [org.jboss.as.jaxrs] (ServerService Thread Pool -- 56) WFLYRS0016: RESTEasy version 3.5.0.Final
2025-04-02 12:02:06,818 INFO  [org.jboss.as.security] (ServerService Thread Pool -- 41) WFLYSEC0002: Activating Security Subsystem
2025-04-02 12:02:06,756 INFO  [org.jboss.as.webservices] (ServerService Thread Pool -- 37) WFLYWS0002: Activating WebServices Extension
2025-04-02 12:02:06,944 INFO  [org.wildfly.iiop.openjdk] (ServerService Thread Pool -- 57) WFLYIIOP0001: Activating IIOP Subsystem
2025-04-02 12:02:07,054 INFO  [org.jboss.as.jsf] (ServerService Thread Pool -- 51) WFLYJSF0007: Activated the following JSF Implementations: [main]
2025-04-02 12:02:07,562 INFO  [org.jboss.as.security] (MSC service thread 1-8) WFLYSEC0001: Current PicketBox version=5.0.2.Final
2025-04-02 12:02:07,634 INFO  [org.wildfly.extension.io] (ServerService Thread Pool -- 59) WFLYIO001: Worker 'default' has auto-configured to 16 core threads with 128 task threads based on your 8 available processors
2025-04-02 12:02:07,990 INFO  [org.jboss.as.connector] (MSC service thread 1-7) WFLYJCA0009: Starting JCA Subsystem (WildFly/IronJacamar 1.4.7.Final)
2025-04-02 12:02:08,090 INFO  [org.jboss.as.naming] (MSC service thread 1-1) WFLYNAM0003: Starting Naming Service
2025-04-02 12:02:08,193 INFO  [org.wildfly.extension.undertow] (MSC service thread 1-2) WFLYUT0003: Undertow 2.0.0.Final starting
2025-04-02 12:02:08,303 INFO  [org.jboss.as.mail.extension] (MSC service thread 1-4) WFLYMAIL0001: Bound mail session [java:jboss/mail/Default]
2025-04-02 12:02:08,606 INFO  [org.wildfly.extension.undertow] (ServerService Thread Pool -- 38) WFLYUT0014: Creating file handler for path '/Users/nupawar/eclipse-workspace/httpsessionlogin/wildfly-12.0.0.Final/welcome-content' with options [directory-listing: 'false', follow-symlink: 'false', case-sensitive: 'true', safe-symlink-paths: '[]']
2025-04-02 12:02:08,726 INFO  [org.jboss.as.connector.subsystems.datasources] (ServerService Thread Pool -- 63) WFLYJCA0004: Deploying JDBC-compliant driver class org.h2.Driver (version 1.4)
2025-04-02 12:02:08,775 INFO  [org.jboss.as.connector.deployers.jdbc] (MSC service thread 1-6) WFLYJCA0018: Started Driver service with driver-name = h2
2025-04-02 12:02:10,028 INFO  [org.jboss.as.ejb3] (MSC service thread 1-1) WFLYEJB0481: Strict pool slsb-strict-max-pool is using a max instance size of 128 (per class), which is derived from thread worker pool sizing.
2025-04-02 12:02:09,990 INFO  [org.jboss.as.ejb3] (MSC service thread 1-5) WFLYEJB0482: Strict pool mdb-strict-max-pool is using a max instance size of 32 (per class), which is derived from the number of CPUs on this host.
2025-04-02 12:02:12,133 INFO  [org.wildfly.extension.undertow] (MSC service thread 1-4) WFLYUT0012: Started server default-server.
2025-04-02 12:02:12,252 INFO  [org.wildfly.extension.undertow] (MSC service thread 1-3) WFLYUT0018: Host default-host starting
2025-04-02 12:02:12,560 INFO  [org.wildfly.extension.undertow] (MSC service thread 1-4) WFLYUT0006: Undertow HTTP listener default listening on 127.0.0.1:8080
2025-04-02 12:02:12,787 INFO  [org.wildfly.iiop.openjdk] (MSC service thread 1-8) WFLYIIOP0009: CORBA ORB Service started
2025-04-02 12:02:12,931 INFO  [org.jboss.as.ejb3] (MSC service thread 1-7) WFLYEJB0493: EJB subsystem suspension complete
2025-04-02 12:02:13,411 INFO  [org.jboss.as.server] (Thread-2) WFLYSRV0220: Server shutdown has been requested via an OS signal
2025-04-02 12:02:13,438 ERROR [org.jboss.as.controller.management-operation] (ServerService Thread Pool -- 58) WFLYCTL0013: Operation ("add") failed - address: ([
    ("subsystem" => "infinispan"),
    ("cache-container" => "hibernate"),
    ("local-cache" => "timestamps"),
    ("component" => "expiration")
]): java.lang.IllegalStateException: Container is down
	at org.jboss.msc.service.ServiceContainerImpl.install(ServiceContainerImpl.java:753)
	at org.jboss.msc.service.ServiceTargetImpl.install(ServiceTargetImpl.java:237)
	at org.jboss.msc.service.ServiceControllerImpl$ChildServiceTarget.install(ServiceControllerImpl.java:2112)
	at org.jboss.msc.service.ServiceTargetImpl.install(ServiceTargetImpl.java:237)
	at org.jboss.msc.service.ServiceControllerImpl$ChildServiceTarget.install(ServiceControllerImpl.java:2112)
	at org.jboss.msc.service.ServiceBuilderImpl.install(ServiceBuilderImpl.java:325)
	at org.jboss.as.controller.OperationContextImpl.installService(OperationContextImpl.java:2031)
	at org.jboss.as.controller.OperationContextImpl.access$600(OperationContextImpl.java:135)
	at org.jboss.as.controller.OperationContextImpl$2$1.installService(OperationContextImpl.java:758)
	at org.jboss.as.controller.OperationContextImpl$ContextServiceBuilder.install(OperationContextImpl.java:2236)
	at org.jboss.msc.service.DelegatingServiceBuilder.install(DelegatingServiceBuilder.java:188)
	at org.jboss.as.clustering.controller.SimpleResourceServiceHandler.installServices(SimpleResourceServiceHandler.java:43)
	at org.jboss.as.clustering.controller.AddStepHandler.performRuntime(AddStepHandler.java:163)
	at org.jboss.as.controller.AbstractAddStepHandler.performRuntime(AbstractAddStepHandler.java:325)
	at org.jboss.as.controller.AbstractAddStepHandler$1.execute(AbstractAddStepHandler.java:151)
	at org.jboss.as.controller.AbstractOperationContext.executeStep(AbstractOperationContext.java:982)
	at org.jboss.as.controller.AbstractOperationContext.processStages(AbstractOperationContext.java:726)
	at org.jboss.as.controller.AbstractOperationContext.executeOperation(AbstractOperationContext.java:450)
	at org.jboss.as.controller.ParallelBootOperationStepHandler$ParallelBootTask.run(ParallelBootOperationStepHandler.java:384)
	at org.jboss.threads.ContextClassLoaderSavingRunnable.run(ContextClassLoaderSavingRunnable.java:35)
	at org.jboss.threads.EnhancedQueueExecutor.safeRun(EnhancedQueueExecutor.java:1985)
	at org.jboss.threads.EnhancedQueueExecutor$ThreadBody.doRunTask(EnhancedQueueExecutor.java:1487)
	at org.jboss.threads.EnhancedQueueExecutor$ThreadBody.run(EnhancedQueueExecutor.java:1349)
	at java.lang.Thread.run(Thread.java:750)
	at org.jboss.threads.JBossThread.run(JBossThread.java:485)

2025-04-02 12:02:13,770 INFO  [org.wildfly.extension.undertow] (MSC service thread 1-1) WFLYUT0008: Undertow HTTP listener default suspending
2025-04-02 12:02:13,815 INFO  [org.wildfly.extension.undertow] (MSC service thread 1-2) WFLYUT0019: Host default-host stopping
2025-04-02 12:02:13,838 INFO  [org.wildfly.extension.undertow] (MSC service thread 1-1) WFLYUT0007: Undertow HTTP listener default stopped, was bound to 127.0.0.1:8080
2025-04-02 12:02:13,890 INFO  [org.wildfly.extension.undertow] (MSC service thread 1-2) WFLYUT0004: Undertow 2.0.0.Final stopping
2025-04-02 12:02:13,949 INFO  [org.jboss.as.connector.deployers.jdbc] (MSC service thread 1-6) WFLYJCA0019: Stopped Driver service with driver-name = h2
2025-04-02 12:02:14,064 ERROR [org.jboss.as.controller.management-operation] (Controller Boot Thread) "WFLYCTL0193: Failed executing subsystem infinispan boot operations"
2025-04-02 12:02:14,067 ERROR [org.jboss.as.controller.management-operation] (Controller Boot Thread) WFLYCTL0013: Operation ("parallel-subsystem-boot") failed - address: ([]) - failure description: "\"WFLYCTL0193: Failed executing subsystem infinispan boot operations\""
2025-04-02 12:02:14,120 INFO  [org.jboss.as] (MSC service thread 1-2) WFLYSRV0050: WildFly Full 12.0.0.Final (WildFly Core 4.0.0.Final) stopped in 518ms
2025-04-02 12:07:52,031 INFO  [org.jboss.modules] (main) JBoss Modules version 1.7.0.Final
2025-04-02 12:07:53,436 INFO  [org.jboss.msc] (main) JBoss MSC version 1.3.2.Final
2025-04-02 12:07:53,468 INFO  [org.jboss.threads] (main) JBoss Threads version 2.3.1.Final
2025-04-02 12:07:54,188 INFO  [org.jboss.as] (MSC service thread 1-1) WFLYSRV0049: WildFly Full 12.0.0.Final (WildFly Core 4.0.0.Final) starting
2025-04-02 12:07:54,202 DEBUG [org.jboss.as.config] (MSC service thread 1-1) Configured system properties:
	[Server:server-one] = 
	[pcid:1617487574] = 
	appdynamics.agent.accountAccessKey = bm9xa03c6d2p
	appdynamics.agent.accountName = controllerces
	appdynamics.agent.applicationName = PROD-DEVPLUS
	appdynamics.agent.nodeName = Node2
	appdynamics.agent.reuse.nodeName = false
	appdynamics.agent.reuse.nodeName.prefix = Node2
	appdynamics.agent.tierName = DEVPLUS
	appdynamics.controller.hostName = controllerces.saas.appdynamics.com
	appdynamics.controller.port = 443
	appdynamics.controller.ssl.enabled = false
	appdynamics.docker.enabled = true
	appdynamics.jvm.shutdown.mark.node.as.historical = true
	appdynamics.log4j2.disable.jmx = true
	appdynamics.sim.enabled = true
	awt.toolkit = sun.lwawt.macosx.LWCToolkit
	file.encoding = UTF-8
	file.encoding.pkg = sun.io
	file.separator = /
	gopherProxySet = false
	java.awt.graphicsenv = sun.awt.CGraphicsEnvironment
	java.awt.headless = true
	java.awt.printerjob = sun.lwawt.macosx.CPrinterJob
	java.class.path = /Users/nupawar/eclipse-workspace/httpsessionlogin/wildfly-12.0.0.Final/jboss-modules.jar:/Users/nupawar/eclipse-workspace/httpsessionlogin/wildfly-12.0.0.Final/AppServerAgent-1.8-22.10.0.34344/javaagent.jar
	java.class.version = 52.0
	java.endorsed.dirs = /Library/Java/JavaVirtualMachines/jdk1.8.0_331.jdk/Contents/Home/jre/lib/endorsed
	java.ext.dirs = /Users/nupawar/Library/Java/Extensions:/Library/Java/JavaVirtualMachines/jdk1.8.0_331.jdk/Contents/Home/jre/lib/ext:/Library/Java/Extensions:/Network/Library/Java/Extensions:/System/Library/Java/Extensions:/usr/lib/java
	java.home = /Library/Java/JavaVirtualMachines/jdk1.8.0_331.jdk/Contents/Home/jre
	java.io.tmpdir = /var/folders/ls/v_z9ryc955z1kqx6d5d9hw600000gn/T/
	java.library.path = /Users/nupawar/Library/Java/Extensions:/Library/Java/Extensions:/Network/Library/Java/Extensions:/System/Library/Java/Extensions:/usr/lib/java:.
	java.net.preferIPv4Stack = true
	java.runtime.name = Java(TM) SE Runtime Environment
	java.runtime.version = 1.8.0_331-b09
	java.specification.name = Java Platform API Specification
	java.specification.vendor = Oracle Corporation
	java.specification.version = 1.8
	java.util.logging.manager = org.jboss.logmanager.LogManager
	java.vendor = Oracle Corporation
	java.vendor.url = http://java.oracle.com/
	java.vendor.url.bug = http://bugreport.sun.com/bugreport/
	java.version = 1.8.0_331
	java.vm.info = mixed mode
	java.vm.name = Java HotSpot(TM) 64-Bit Server VM
	java.vm.specification.name = Java Virtual Machine Specification
	java.vm.specification.vendor = Oracle Corporation
	java.vm.specification.version = 1.8
	java.vm.vendor = Oracle Corporation
	java.vm.version = 25.331-b09
	javax.management.builder.initial = org.jboss.as.jmx.PluggableMBeanServerBuilder
	javax.xml.datatype.DatatypeFactory = __redirected.__DatatypeFactory
	javax.xml.parsers.DocumentBuilderFactory = __redirected.__DocumentBuilderFactory
	javax.xml.parsers.SAXParserFactory = __redirected.__SAXParserFactory
	javax.xml.stream.XMLEventFactory = __redirected.__XMLEventFactory
	javax.xml.stream.XMLInputFactory = __redirected.__XMLInputFactory
	javax.xml.stream.XMLOutputFactory = __redirected.__XMLOutputFactory
	javax.xml.transform.TransformerFactory = __redirected.__TransformerFactory
	javax.xml.validation.SchemaFactory:http://www.w3.org/2001/XMLSchema = __redirected.__SchemaFactory
	javax.xml.xpath.XPathFactory:http://java.sun.com/jaxp/xpath/dom = __redirected.__XPathFactory
	jboss.domain.base.dir = /Users/nupawar/eclipse-workspace/httpsessionlogin/wildfly-12.0.0.Final/domain
	jboss.domain.config.dir = /Users/nupawar/eclipse-workspace/httpsessionlogin/wildfly-12.0.0.Final/domain/configuration
	jboss.home.dir = /Users/nupawar/eclipse-workspace/httpsessionlogin/wildfly-12.0.0.Final
	jboss.host.name = nupawar-m-12uh
	jboss.modules.dir = /Users/nupawar/eclipse-workspace/httpsessionlogin/wildfly-12.0.0.Final/modules
	jboss.modules.system.pkgs = com.singularity
	jboss.node.name = master:server-one
	jboss.qualified.host.name = nupawar-m-12uh
	jboss.server.base.dir = /Users/nupawar/eclipse-workspace/httpsessionlogin/wildfly-12.0.0.Final/domain/servers/server-one
	jboss.server.config.dir = /Users/nupawar/eclipse-workspace/httpsessionlogin/wildfly-12.0.0.Final/domain/servers/server-one/configuration
	jboss.server.data.dir = /Users/nupawar/eclipse-workspace/httpsessionlogin/wildfly-12.0.0.Final/domain/servers/server-one/data
	jboss.server.deploy.dir = /Users/nupawar/eclipse-workspace/httpsessionlogin/wildfly-12.0.0.Final/domain/servers/server-one/data/content
	jboss.server.log.dir = /Users/nupawar/eclipse-workspace/httpsessionlogin/wildfly-12.0.0.Final/domain/servers/server-one/log
	jboss.server.name = server-one
	jboss.server.persist.config = true
	jboss.server.temp.dir = /Users/nupawar/eclipse-workspace/httpsessionlogin/wildfly-12.0.0.Final/domain/servers/server-one/tmp
	line.separator = 

	logging.configuration = file:/Users/nupawar/eclipse-workspace/httpsessionlogin/wildfly-12.0.0.Final/domain/servers/server-one/data/logging.properties
	module.path = /Users/nupawar/eclipse-workspace/httpsessionlogin/wildfly-12.0.0.Final/modules
	org.jboss.resolver.warning = true
	org.xml.sax.driver = __redirected.__XMLReaderFactory
	os.arch = x86_64
	os.name = Mac OS X
	os.version = 15.3.1
	path.separator = :
	sun.arch.data.model = 64
	sun.boot.class.path = /Library/Java/JavaVirtualMachines/jdk1.8.0_331.jdk/Contents/Home/jre/lib/resources.jar:/Library/Java/JavaVirtualMachines/jdk1.8.0_331.jdk/Contents/Home/jre/lib/rt.jar:/Library/Java/JavaVirtualMachines/jdk1.8.0_331.jdk/Contents/Home/jre/lib/sunrsasign.jar:/Library/Java/JavaVirtualMachines/jdk1.8.0_331.jdk/Contents/Home/jre/lib/jsse.jar:/Library/Java/JavaVirtualMachines/jdk1.8.0_331.jdk/Contents/Home/jre/lib/jce.jar:/Library/Java/JavaVirtualMachines/jdk1.8.0_331.jdk/Contents/Home/jre/lib/charsets.jar:/Library/Java/JavaVirtualMachines/jdk1.8.0_331.jdk/Contents/Home/jre/lib/jfr.jar:/Library/Java/JavaVirtualMachines/jdk1.8.0_331.jdk/Contents/Home/jre/classes:/Users/nupawar/eclipse-workspace/httpsessionlogin/wildfly-12.0.0.Final/AppServerAgent-1.8-22.10.0.34344/javaagent.jar
	sun.boot.library.path = /Library/Java/JavaVirtualMachines/jdk1.8.0_331.jdk/Contents/Home/jre/lib
	sun.cpu.endian = little
	sun.cpu.isalist = 
	sun.io.unicode.encoding = UnicodeBig
	sun.java.command = /Users/nupawar/eclipse-workspace/httpsessionlogin/wildfly-12.0.0.Final/jboss-modules.jar -mp /Users/nupawar/eclipse-workspace/httpsessionlogin/wildfly-12.0.0.Final/modules org.jboss.as.server
	sun.java.launcher = SUN_STANDARD
	sun.jnu.encoding = UTF-8
	sun.management.compiler = HotSpot 64-Bit Tiered Compilers
	sun.os.patch.level = unknown
	user.country = US
	user.dir = /Users/nupawar/eclipse-workspace/httpsessionlogin/wildfly-12.0.0.Final
	user.home = /Users/nupawar
	user.language = en
	user.name = nupawar
	user.timezone = America/New_York
2025-04-02 12:07:54,208 DEBUG [org.jboss.as.config] (MSC service thread 1-1) VM Arguments: -D[Server:server-one] -D[pcid:1617487574] -Xms128m -Xmx512m -XX:MetaspaceSize=96m -XX:MaxMetaspaceSize=256m -javaagent:/Users/nupawar/eclipse-workspace/httpsessionlogin/wildfly-12.0.0.Final/AppServerAgent-1.8-22.10.0.34344/javaagent.jar -Dappdynamics.agent.accountAccessKey=bm9xa03c6d2p -Dappdynamics.agent.accountName=controllerces -Dappdynamics.controller.hostName=controllerces.saas.appdynamics.com -Dappdynamics.controller.port=443 -Dappdynamics.controller.ssl.enabled=false -Dappdynamics.agent.applicationName=PROD-DEVPLUS -Dappdynamics.agent.tierName=DEVPLUS -Djava.util.logging.manager=org.jboss.logmanager.LogManager -Djboss.modules.system.pkgs=org.jboss.byteman,com.singularity,org.jboss.logmanager.* -Dappdynamics.agent.applicationName=PROD-DEVPLUS -Dappdynamics.agent.nodeName=Node2 -Dappdynamics.agent.reuse.nodeName=false -Dappdynamics.agent.reuse.nodeName.prefix=Node2 -Dappdynamics.agent.tierName=DEVPLUS -Dappdynamics.docker.enabled=true -Dappdynamics.jvm.shutdown.mark.node.as.historical=true -Dappdynamics.sim.enabled=true -Djava.awt.headless=true -Djava.net.preferIPv4Stack=true -Djava.util.logging.manager=org.jboss.logmanager.LogManager -Djboss.home.dir=/Users/nupawar/eclipse-workspace/httpsessionlogin/wildfly-12.0.0.Final -Djboss.modules.system.pkgs=com.singularity -Djboss.server.log.dir=/Users/nupawar/eclipse-workspace/httpsessionlogin/wildfly-12.0.0.Final/domain/servers/server-one/log -Djboss.server.temp.dir=/Users/nupawar/eclipse-workspace/httpsessionlogin/wildfly-12.0.0.Final/domain/servers/server-one/tmp -Djboss.server.data.dir=/Users/nupawar/eclipse-workspace/httpsessionlogin/wildfly-12.0.0.Final/domain/servers/server-one/data -Dlogging.configuration=file:/Users/nupawar/eclipse-workspace/httpsessionlogin/wildfly-12.0.0.Final/domain/servers/server-one/data/logging.properties 
2025-04-02 12:07:54,777 INFO  [org.xnio] (MSC service thread 1-1) XNIO version 3.6.2.Final
2025-04-02 12:07:54,890 INFO  [org.xnio.nio] (MSC service thread 1-1) XNIO NIO Implementation Version 3.6.2.Final
2025-04-02 12:07:55,275 INFO  [org.jboss.remoting] (MSC service thread 1-4) JBoss Remoting version 5.0.5.Final
2025-04-02 12:07:56,814 INFO  [org.wildfly.security] (ServerService Thread Pool -- 2) ELY00001: WildFly Elytron version 1.2.2.Final
2025-04-02 12:08:24,245 INFO  [stdout] (AD Agent init) Started AppDynamics Java Agent Successfully.
2025-04-02 12:08:44,132 INFO  [org.jboss.as.controller.management-deprecated] (ServerService Thread Pool -- 6) WFLYCTL0028: Attribute 'security-realm' in the resource at address '/subsystem=undertow/server=default-server/https-listener=https' is deprecated, and may be removed in a future version. See the attribute description in the output of the read-resource-description operation to learn more about the deprecation.
2025-04-02 12:08:45,554 WARN  [org.jboss.as.txn] (ServerService Thread Pool -- 40) WFLYTX0013: The node-identifier attribute on the /subsystem=transactions is set to the default value. This is a danger for environments running multiple servers. Please make sure the attribute value is unique.
2025-04-02 12:08:46,724 INFO  [org.jboss.as.security] (ServerService Thread Pool -- 42) WFLYSEC0002: Activating Security Subsystem
2025-04-02 12:08:46,733 INFO  [org.jboss.as.naming] (ServerService Thread Pool -- 48) WFLYNAM0001: Activating Naming Subsystem
2025-04-02 12:08:47,058 INFO  [org.jboss.as.webservices] (ServerService Thread Pool -- 38) WFLYWS0002: Activating WebServices Extension
2025-04-02 12:08:46,915 INFO  [org.jboss.as.jaxrs] (ServerService Thread Pool -- 57) WFLYRS0016: RESTEasy version 3.5.0.Final
2025-04-02 12:08:47,330 INFO  [org.wildfly.iiop.openjdk] (ServerService Thread Pool -- 58) WFLYIIOP0001: Activating IIOP Subsystem
2025-04-02 12:08:47,384 INFO  [org.jboss.as.clustering.infinispan] (ServerService Thread Pool -- 59) WFLYCLINF0001: Activating Infinispan subsystem.
2025-04-02 12:08:47,564 INFO  [org.jboss.as.jsf] (ServerService Thread Pool -- 52) WFLYJSF0007: Activated the following JSF Implementations: [main]
2025-04-02 12:08:47,599 INFO  [org.jboss.as.security] (MSC service thread 1-4) WFLYSEC0001: Current PicketBox version=5.0.2.Final
2025-04-02 12:08:48,579 INFO  [org.jboss.as.connector] (MSC service thread 1-1) WFLYJCA0009: Starting JCA Subsystem (WildFly/IronJacamar 1.4.7.Final)
2025-04-02 12:08:48,537 INFO  [org.wildfly.extension.io] (ServerService Thread Pool -- 60) WFLYIO001: Worker 'default' has auto-configured to 16 core threads with 128 task threads based on your 8 available processors
2025-04-02 12:08:49,740 INFO  [org.jboss.as.naming] (MSC service thread 1-7) WFLYNAM0003: Starting Naming Service
2025-04-02 12:08:49,785 INFO  [org.jboss.as.mail.extension] (MSC service thread 1-5) WFLYMAIL0001: Bound mail session [java:jboss/mail/Default]
2025-04-02 12:08:51,806 INFO  [org.wildfly.extension.undertow] (MSC service thread 1-3) WFLYUT0003: Undertow 2.0.0.Final starting
2025-04-02 12:08:51,816 INFO  [org.jboss.as.connector.subsystems.datasources] (ServerService Thread Pool -- 64) WFLYJCA0004: Deploying JDBC-compliant driver class org.h2.Driver (version 1.4)
2025-04-02 12:08:51,903 INFO  [org.wildfly.extension.undertow] (ServerService Thread Pool -- 39) WFLYUT0014: Creating file handler for path '/Users/nupawar/eclipse-workspace/httpsessionlogin/wildfly-12.0.0.Final/welcome-content' with options [directory-listing: 'false', follow-symlink: 'false', case-sensitive: 'true', safe-symlink-paths: '[]']
2025-04-02 12:08:51,973 INFO  [org.jboss.as.ejb3] (MSC service thread 1-3) WFLYEJB0482: Strict pool mdb-strict-max-pool is using a max instance size of 32 (per class), which is derived from the number of CPUs on this host.
2025-04-02 12:08:51,977 INFO  [org.jboss.as.ejb3] (MSC service thread 1-2) WFLYEJB0481: Strict pool slsb-strict-max-pool is using a max instance size of 128 (per class), which is derived from thread worker pool sizing.
2025-04-02 12:08:52,013 INFO  [org.jboss.as.connector.deployers.jdbc] (MSC service thread 1-3) WFLYJCA0018: Started Driver service with driver-name = h2
2025-04-02 12:08:58,432 INFO  [org.wildfly.iiop.openjdk] (MSC service thread 1-7) WFLYIIOP0009: CORBA ORB Service started
2025-04-02 12:09:00,609 INFO  [org.wildfly.extension.undertow] (MSC service thread 1-7) WFLYUT0012: Started server default-server.
2025-04-02 12:09:00,690 INFO  [org.wildfly.extension.undertow] (MSC service thread 1-7) WFLYUT0018: Host default-host starting
2025-04-02 12:09:01,585 INFO  [org.jboss.as.patching] (MSC service thread 1-8) WFLYPAT0050: WildFly Full cumulative patch ID is: base, one-off patches include: none
2025-04-02 12:09:02,286 WARN  [org.jboss.as.domain.management.security] (MSC service thread 1-2) WFLYDM0111: Keystore /Users/nupawar/eclipse-workspace/httpsessionlogin/wildfly-12.0.0.Final/domain/configuration/application.keystore not found, it will be auto generated on first use with a self signed certificate for host localhost
2025-04-02 12:09:02,425 INFO  [org.wildfly.extension.undertow] (MSC service thread 1-5) WFLYUT0006: Undertow HTTP listener default listening on 127.0.0.1:8080
2025-04-02 12:09:02,826 INFO  [org.wildfly.extension.messaging-activemq] (MSC service thread 1-5) WFLYMSGAMQ0001: AIO wasn't located on this platform, it will fall back to using pure Java NIO.
2025-04-02 12:09:03,068 INFO  [org.wildfly.extension.undertow] (MSC service thread 1-8) WFLYUT0006: Undertow HTTPS listener https listening on 127.0.0.1:8443
2025-04-02 12:09:03,658 INFO  [org.jboss.as.ejb3] (MSC service thread 1-5) WFLYEJB0493: EJB subsystem suspension complete
2025-04-02 12:09:03,838 INFO  [org.apache.activemq.artemis.core.server] (ServerService Thread Pool -- 68) AMQ221000: live Message Broker is starting with configuration Broker Configuration (clustered=false,journalDirectory=/Users/nupawar/eclipse-workspace/httpsessionlogin/wildfly-12.0.0.Final/domain/servers/server-one/data/activemq/journal,bindingsDirectory=/Users/nupawar/eclipse-workspace/httpsessionlogin/wildfly-12.0.0.Final/domain/servers/server-one/data/activemq/bindings,largeMessagesDirectory=/Users/nupawar/eclipse-workspace/httpsessionlogin/wildfly-12.0.0.Final/domain/servers/server-one/data/activemq/largemessages,pagingDirectory=/Users/nupawar/eclipse-workspace/httpsessionlogin/wildfly-12.0.0.Final/domain/servers/server-one/data/activemq/paging)
2025-04-02 12:09:04,183 INFO  [org.apache.activemq.artemis.core.server] (ServerService Thread Pool -- 68) AMQ221013: Using NIO Journal
2025-04-02 12:09:04,203 INFO  [org.jboss.ws.common.management] (MSC service thread 1-7) JBWS022052: Starting JBossWS 5.2.0.Final (Apache CXF 3.2.2) 
2025-04-02 12:09:04,562 INFO  [org.apache.activemq.artemis.core.server] (ServerService Thread Pool -- 68) AMQ221043: Protocol module found: [artemis-server]. Adding protocol support for: CORE
2025-04-02 12:09:04,663 INFO  [org.apache.activemq.artemis.core.server] (ServerService Thread Pool -- 68) AMQ221043: Protocol module found: [artemis-amqp-protocol]. Adding protocol support for: AMQP
2025-04-02 12:09:04,706 INFO  [org.apache.activemq.artemis.core.server] (ServerService Thread Pool -- 68) AMQ221043: Protocol module found: [artemis-hornetq-protocol]. Adding protocol support for: HORNETQ
2025-04-02 12:09:04,729 INFO  [org.apache.activemq.artemis.core.server] (ServerService Thread Pool -- 68) AMQ221043: Protocol module found: [artemis-stomp-protocol]. Adding protocol support for: STOMP
2025-04-02 12:09:04,727 INFO  [org.jboss.as.connector.subsystems.datasources] (MSC service thread 1-7) WFLYJCA0001: Bound data source [java:jboss/datasources/ExampleDS]
2025-04-02 12:09:05,330 INFO  [org.wildfly.extension.messaging-activemq] (MSC service thread 1-2) WFLYMSGAMQ0016: Registered HTTP upgrade for activemq-remoting protocol handled by http-acceptor-throughput acceptor
2025-04-02 12:09:05,330 INFO  [org.wildfly.extension.messaging-activemq] (MSC service thread 1-4) WFLYMSGAMQ0016: Registered HTTP upgrade for activemq-remoting protocol handled by http-acceptor-throughput acceptor
2025-04-02 12:09:05,329 INFO  [org.wildfly.extension.messaging-activemq] (MSC service thread 1-1) WFLYMSGAMQ0016: Registered HTTP upgrade for activemq-remoting protocol handled by http-acceptor acceptor
2025-04-02 12:09:05,329 INFO  [org.wildfly.extension.messaging-activemq] (MSC service thread 1-8) WFLYMSGAMQ0016: Registered HTTP upgrade for activemq-remoting protocol handled by http-acceptor acceptor
2025-04-02 12:09:06,230 INFO  [org.apache.activemq.artemis.core.server] (ServerService Thread Pool -- 68) AMQ221007: Server is now live
2025-04-02 12:09:06,239 INFO  [org.apache.activemq.artemis.core.server] (ServerService Thread Pool -- 68) AMQ221001: Apache ActiveMQ Artemis Message Broker version 1.5.5.jbossorg-009 [default, nodeID=2f4b9bbc-fe8e-11ef-b10b-625eff1d50ce] 
2025-04-02 12:09:06,955 INFO  [org.wildfly.extension.messaging-activemq] (ServerService Thread Pool -- 68) WFLYMSGAMQ0002: Bound messaging object to jndi name java:jboss/exported/jms/RemoteConnectionFactory
2025-04-02 12:09:07,142 INFO  [org.apache.activemq.artemis.core.server] (ServerService Thread Pool -- 70) AMQ221003: Deploying queue jms.queue.ExpiryQueue
2025-04-02 12:09:07,316 INFO  [org.apache.activemq.artemis.core.server] (ServerService Thread Pool -- 71) AMQ221003: Deploying queue jms.queue.DLQ
2025-04-02 12:09:07,324 INFO  [org.wildfly.extension.messaging-activemq] (ServerService Thread Pool -- 69) WFLYMSGAMQ0002: Bound messaging object to jndi name java:/ConnectionFactory
2025-04-02 12:09:07,352 INFO  [org.jboss.as.connector.deployment] (MSC service thread 1-5) WFLYJCA0007: Registered connection factory java:/JmsXA
2025-04-02 12:09:07,665 INFO  [org.apache.activemq.artemis.ra] (MSC service thread 1-5) Resource adaptor started
2025-04-02 12:09:07,667 INFO  [org.jboss.as.connector.services.resourceadapters.ResourceAdapterActivatorService$ResourceAdapterActivator] (MSC service thread 1-5) IJ020002: Deployed: file://RaActivatoractivemq-ra
2025-04-02 12:09:07,686 INFO  [org.wildfly.extension.messaging-activemq] (MSC service thread 1-5) WFLYMSGAMQ0002: Bound messaging object to jndi name java:jboss/DefaultJMSConnectionFactory
2025-04-02 12:09:07,686 INFO  [org.jboss.as.connector.deployment] (MSC service thread 1-8) WFLYJCA0002: Bound JCA ConnectionFactory [java:/JmsXA]
2025-04-02 12:09:08,460 INFO  [org.jboss.as.server] (Controller Boot Thread) WFLYSRV0212: Resuming server
2025-04-02 12:09:08,514 INFO  [org.jboss.as] (Controller Boot Thread) WFLYSRV0025: WildFly Full 12.0.0.Final (WildFly Core 4.0.0.Final) started in 79385ms - Started 314 of 539 services (321 services are lazy, passive or on-demand)
